Flutter crash report.
Please report a bug at https://github.com/flutter/flutter/issues.

## command

flutter run --machine --start-paused -d 192.168.1.3:7777 --dart-define=flutter.inspector.structuredErrors=true --web-allow-expose-url --devtools-server-address http://127.0.0.1:9100/ --target lib\main.dart

## exception

RPCError: getIsolate: (112) Service has disappeared

```
```

## flutter doctor

```
[✓] Flutter (Channel stable, 2.0.5, on Microsoft Windows [Version 10.0.19042.1237], locale en-US)
    • Flutter version 2.0.5 at C:\src\flutter
    • Framework revision adc687823a (5 months ago), 2021-04-16 09:40:20 -0700
    • Engine revision b09f014e96
    • Dart version 2.12.3

[✓] Android toolchain - develop for Android devices (Android SDK version 30.0.3)
    • Android SDK at C:\Users\zafar\AppData\Local\Android\sdk
    • Platform android-30, build-tools 30.0.3
    • Java binary at: C:\Program Files\Android\Android Studio\jre\bin\java
    • Java version OpenJDK Runtime Environment (build 1.8.0_242-release-1644-b01)
    • All Android licenses accepted.

[✓] Chrome - develop for the web
    • Chrome at C:\Program Files\Google\Chrome\Application\chrome.exe

[✓] Android Studio (version 4.1.0)
    • Android Studio at C:\Program Files\Android\Android Studio
    • Flutter plugin can be installed from:
      🔨 https://plugins.jetbrains.com/plugin/9212-flutter
    • Dart plugin can be installed from:
      🔨 https://plugins.jetbrains.com/plugin/6351-dart
    • Java version OpenJDK Runtime Environment (build 1.8.0_242-release-1644-b01)

[✓] VS Code (version 1.60.1)
    • VS Code at C:\Users\zafar\AppData\Local\Programs\Microsoft VS Code
    • Flutter extension version 3.26.0

[✓] Connected device (4 available)
    • Mi A3 (mobile) • 655e841b196a     • android-arm64  • Android 11 (API 30)
    • Mi A3 (mobile) • 192.168.1.3:7777 • android-arm64  • Android 11 (API 30)
    • Chrome (web)   • chrome           • web-javascript • Google Chrome 93.0.4577.82
    • Edge (web)     • edge             • web-javascript • Microsoft Edge 93.0.961.52
    ! Device 192.168.1.3:7777 is offline.

• No issues found!
```
